-------------------------------------------------------------------------------
Test set: MyWebsiteTest
-------------------------------------------------------------------------------
Tests run: 1, Failures: 1, Errors: 0, Skipped: 0, Time elapsed: 11.846 s <<< FAILURE! - in MyWebsiteTest
checkProsSite  Time elapsed: 11.838 s  <<< FAILURE!
org.opentest4j.AssertionFailedError: expected: <SPM 2022> but was: <HTTP Status 404 â€“ Not Found>
	at MyWebsiteTest.checkProsSite(MyWebsiteTest.java:32)

